# JRE version: OpenJDK Runtime Environment Temurin-17.0.7+7 (17.0.7+7) (build 17.0.7+7)
# Java VM: OpenJDK 64-Bit Server VM Temurin-17.0.7+7 (17.0.7+7, mixed mode, tiered, compressed oops, compressed class ptrs, parallel gc, windows-amd64)
GC Precious Log:
 CPUs: 8 total, 8 available
 Memory: 8006M
 Large Page Support: Disabled
 NUMA Support: Disabled
 Compressed Oops: Enabled (32-bit)
 Alignments: Space 512K, Generation 512K, Heap 2M
 Heap Min Capacity: 100M
 Heap Initial Capacity: 100M
 Heap Max Capacity: 1G
 Pre-touch: Disabled
 Parallel Workers: 8
Heap:
 PSYoungGen      total 4096K, used 3501K [0x00000000eab00000, 0x00000000eb000000, 0x0000000100000000)
  eden space 3072K, 98% used [0x00000000eab00000,0x00000000eadf3778,0x00000000eae00000)
  from space 1024K, 46% used [0x00000000eae00000,0x00000000eae78000,0x00000000eaf00000)
  to   space 1024K, 0% used [0x00000000eaf00000,0x00000000eaf00000,0x00000000eb000000)
 ParOldGen       total 221184K, used 151814K [0x00000000c0000000, 0x00000000cd800000, 0x00000000eab00000)
  object space 221184K, 68% used [0x00000000c0000000,0x00000000c9441968,0x00000000cd800000)
 Metaspace       used 85912K, committed 87232K, reserved 1179648K
  class space    used 8497K, committed 9024K, reserved 1048576K
GC Heap History (20 events):
Event: 610.914 GC heap before
{Heap before GC invocations=2764 (full 71):
 PSYoungGen      total 4608K, used 4083K [0x00000000eab00000, 0x00000000eb200000, 0x0000000100000000)
  eden space 2560K, 99% used [0x00000000eab00000,0x00000000ead7fff0,0x00000000ead80000)
  from space 2048K, 74% used [0x00000000ead80000,0x00000000eaefd000,0x00000000eaf80000)
  to   space 2048K, 0% used [0x00000000eb000000,0x00000000eb000000,0x00000000eb200000)
 ParOldGen       total 221184K, used 147283K [0x00000000c0000000, 0x00000000cd800000, 0x00000000eab00000)
  object space 221184K, 66% used [0x00000000c0000000,0x00000000c8fd4e78,0x00000000cd800000)
 Metaspace       used 85666K, committed 86976K, reserved 1179648K
  class space    used 8476K, committed 9024K, reserved 1048576K
}
Event: 610.917 GC heap after
{Heap after GC invocations=2764 (full 71):
 PSYoungGen      total 3584K, used 480K [0x00000000eab00000, 0x00000000eb080000, 0x0000000100000000)
  eden space 3072K, 0% used [0x00000000eab00000,0x00000000eab00000,0x00000000eae00000)
  from space 512K, 93% used [0x00000000eb000000,0x00000000eb078000,0x00000000eb080000)
  to   space 1024K, 0% used [0x00000000eae80000,0x00000000eae80000,0x00000000eaf80000)
 ParOldGen       total 221184K, used 148783K [0x00000000c0000000, 0x00000000cd800000, 0x00000000eab00000)
  object space 221184K, 67% used [0x00000000c0000000,0x00000000c914be78,0x00000000cd800000)
 Metaspace       used 85666K, committed 86976K, reserved 1179648K
  class space    used 8476K, committed 9024K, reserved 1048576K
}
Event: 611.337 GC heap before
{Heap before GC invocations=2765 (full 71):
 PSYoungGen      total 3584K, used 3552K [0x00000000eab00000, 0x00000000eb080000, 0x0000000100000000)
  eden space 3072K, 100% used [0x00000000eab00000,0x00000000eae00000,0x00000000eae00000)
  from space 512K, 93% used [0x00000000eb000000,0x00000000eb078000,0x00000000eb080000)
  to   space 1024K, 0% used [0x00000000eae80000,0x00000000eae80000,0x00000000eaf80000)
 ParOldGen       total 221184K, used 148783K [0x00000000c0000000, 0x00000000cd800000, 0x00000000eab00000)
  object space 221184K, 67% used [0x00000000c0000000,0x00000000c914be78,0x00000000cd800000)
 Metaspace       used 85666K, committed 86976K, reserved 1179648K
  class space    used 8476K, committed 9024K, reserved 1048576K
}
Event: 611.340 GC heap after
{Heap after GC invocations=2765 (full 71):
 PSYoungGen      total 4096K, used 484K [0x00000000eab00000, 0x00000000eb080000, 0x0000000100000000)
  eden space 3072K, 0% used [0x00000000eab00000,0x00000000eab00000,0x00000000eae00000)
  from space 1024K, 47% used [0x00000000eae80000,0x00000000eaef9210,0x00000000eaf80000)
  to   space 1024K, 0% used [0x00000000eaf80000,0x00000000eaf80000,0x00000000eb080000)
 ParOldGen       total 221184K, used 149111K [0x00000000c0000000, 0x00000000cd800000, 0x00000000eab00000)
  object space 221184K, 67% used [0x00000000c0000000,0x00000000c919de78,0x00000000cd800000)
 Metaspace       used 85666K, committed 86976K, reserved 1179648K
  class space    used 8476K, committed 9024K, reserved 1048576K
}
Event: 611.350 GC heap before
{Heap before GC invocations=2766 (full 71):
 PSYoungGen      total 4096K, used 3556K [0x00000000eab00000, 0x00000000eb080000, 0x0000000100000000)
  eden space 3072K, 100% used [0x00000000eab00000,0x00000000eae00000,0x00000000eae00000)
  from space 1024K, 47% used [0x00000000eae80000,0x00000000eaef9210,0x00000000eaf80000)
  to   space 1024K, 0% used [0x00000000eaf80000,0x00000000eaf80000,0x00000000eb080000)
 ParOldGen       total 221184K, used 149111K [0x00000000c0000000, 0x00000000cd800000, 0x00000000eab00000)
  object space 221184K, 67% used [0x00000000c0000000,0x00000000c919de78,0x00000000cd800000)
 Metaspace       used 85666K, committed 86976K, reserved 1179648K
  class space    used 8476K, committed 9024K, reserved 1048576K
}
Event: 611.352 GC heap after
{Heap after GC invocations=2766 (full 71):
 PSYoungGen      total 3584K, used 256K [0x00000000eab00000, 0x00000000eb000000, 0x0000000100000000)
  eden space 3072K, 0% used [0x00000000eab00000,0x00000000eab00000,0x00000000eae00000)
  from space 512K, 50% used [0x00000000eaf80000,0x00000000eafc0000,0x00000000eb000000)
  to   space 512K, 0% used [0x00000000eaf00000,0x00000000eaf00000,0x00000000eaf80000)
 ParOldGen       total 221184K, used 149492K [0x00000000c0000000, 0x00000000cd800000, 0x00000000eab00000)
  object space 221184K, 67% used [0x00000000c0000000,0x00000000c91fd098,0x00000000cd800000)
 Metaspace       used 85666K, committed 86976K, reserved 1179648K
  class space    used 8476K, committed 9024K, reserved 1048576K
}
Event: 611.370 GC heap before
{Heap before GC invocations=2767 (full 71):
 PSYoungGen      total 3584K, used 3328K [0x00000000eab00000, 0x00000000eb000000, 0x0000000100000000)
  eden space 3072K, 100% used [0x00000000eab00000,0x00000000eae00000,0x00000000eae00000)
  from space 512K, 50% used [0x00000000eaf80000,0x00000000eafc0000,0x00000000eb000000)
  to   space 512K, 0% used [0x00000000eaf00000,0x00000000eaf00000,0x00000000eaf80000)
 ParOldGen       total 221184K, used 149492K [0x00000000c0000000, 0x00000000cd800000, 0x00000000eab00000)
  object space 221184K, 67% used [0x00000000c0000000,0x00000000c91fd098,0x00000000cd800000)
 Metaspace       used 85666K, committed 86976K, reserved 1179648K
  class space    used 8476K, committed 9024K, reserved 1048576K
}
Event: 611.371 GC heap after
{Heap after GC invocations=2767 (full 71):
 PSYoungGen      total 3584K, used 484K [0x00000000eab00000, 0x00000000eb000000, 0x0000000100000000)
  eden space 3072K, 0% used [0x00000000eab00000,0x00000000eab00000,0x00000000eae00000)
  from space 512K, 94% used [0x00000000eaf00000,0x00000000eaf79210,0x00000000eaf80000)
  to   space 512K, 0% used [0x00000000eaf80000,0x00000000eaf80000,0x00000000eb000000)
 ParOldGen       total 221184K, used 149732K [0x00000000c0000000, 0x00000000cd800000, 0x00000000eab00000)
  object space 221184K, 67% used [0x00000000c0000000,0x00000000c92390b8,0x00000000cd800000)
 Metaspace       used 85666K, committed 86976K, reserved 1179648K
  class space    used 8476K, committed 9024K, reserved 1048576K
}
Event: 611.384 GC heap before
{Heap before GC invocations=2768 (full 71):
 PSYoungGen      total 3584K, used 3556K [0x00000000eab00000, 0x00000000eb000000, 0x0000000100000000)
  eden space 3072K, 100% used [0x00000000eab00000,0x00000000eae00000,0x00000000eae00000)
  from space 512K, 94% used [0x00000000eaf00000,0x00000000eaf79210,0x00000000eaf80000)
  to   space 512K, 0% used [0x00000000eaf80000,0x00000000eaf80000,0x00000000eb000000)
 ParOldGen       total 221184K, used 149732K [0x00000000c0000000, 0x00000000cd800000, 0x00000000eab00000)
  object space 221184K, 67% used [0x00000000c0000000,0x00000000c92390b8,0x00000000cd800000)
 Metaspace       used 85666K, committed 86976K, reserved 1179648K
  class space    used 8476K, committed 9024K, reserved 1048576K
}
Event: 611.387 GC heap after
{Heap after GC invocations=2768 (full 71):
 PSYoungGen      total 3584K, used 288K [0x00000000eab00000, 0x00000000eb000000, 0x0000000100000000)
  eden space 3072K, 0% used [0x00000000eab00000,0x00000000eab00000,0x00000000eae00000)
  from space 512K, 56% used [0x00000000eaf80000,0x00000000eafc8000,0x00000000eb000000)
  to   space 512K, 0% used [0x00000000eaf00000,0x00000000eaf00000,0x00000000eaf80000)
 ParOldGen       total 221184K, used 150256K [0x00000000c0000000, 0x00000000cd800000, 0x00000000eab00000)
  object space 221184K, 67% used [0x00000000c0000000,0x00000000c92bc2d8,0x00000000cd800000)
 Metaspace       used 85666K, committed 86976K, reserved 1179648K
  class space    used 8476K, committed 9024K, reserved 1048576K
}
Event: 659.451 GC heap before
{Heap before GC invocations=2769 (full 71):
 PSYoungGen      total 3584K, used 3353K [0x00000000eab00000, 0x00000000eb000000, 0x0000000100000000)
  eden space 3072K, 99% used [0x00000000eab00000,0x00000000eadfe7a8,0x00000000eae00000)
  from space 512K, 56% used [0x00000000eaf80000,0x00000000eafc8000,0x00000000eb000000)
  to   space 512K, 0% used [0x00000000eaf00000,0x00000000eaf00000,0x00000000eaf80000)
 ParOldGen       total 221184K, used 150256K [0x00000000c0000000, 0x00000000cd800000, 0x00000000eab00000)
  object space 221184K, 67% used [0x00000000c0000000,0x00000000c92bc2d8,0x00000000cd800000)
 Metaspace       used 85681K, committed 87040K, reserved 1179648K
  class space    used 8476K, committed 9024K, reserved 1048576K
}
Event: 659.452 GC heap after
{Heap after GC invocations=2769 (full 71):
 PSYoungGen      total 3584K, used 480K [0x00000000eab00000, 0x00000000eb000000, 0x0000000100000000)
  eden space 3072K, 0% used [0x00000000eab00000,0x00000000eab00000,0x00000000eae00000)
  from space 512K, 93% used [0x00000000eaf00000,0x00000000eaf78000,0x00000000eaf80000)
  to   space 512K, 0% used [0x00000000eaf80000,0x00000000eaf80000,0x00000000eb000000)
 ParOldGen       total 221184K, used 150432K [0x00000000c0000000, 0x00000000cd800000, 0x00000000eab00000)
  object space 221184K, 68% used [0x00000000c0000000,0x00000000c92e82f8,0x00000000cd800000)
 Metaspace       used 85681K, committed 87040K, reserved 1179648K
  class space    used 8476K, committed 9024K, reserved 1048576K
}
Event: 686.528 GC heap before
{Heap before GC invocations=2770 (full 71):
 PSYoungGen      total 3584K, used 3552K [0x00000000eab00000, 0x00000000eb000000, 0x0000000100000000)
  eden space 3072K, 100% used [0x00000000eab00000,0x00000000eae00000,0x00000000eae00000)
  from space 512K, 93% used [0x00000000eaf00000,0x00000000eaf78000,0x00000000eaf80000)
  to   space 512K, 0% used [0x00000000eaf80000,0x00000000eaf80000,0x00000000eb000000)
 ParOldGen       total 221184K, used 150432K [0x00000000c0000000, 0x00000000cd800000, 0x00000000eab00000)
  object space 221184K, 68% used [0x00000000c0000000,0x00000000c92e82f8,0x00000000cd800000)
 Metaspace       used 85683K, committed 87040K, reserved 1179648K
  class space    used 8476K, committed 9024K, reserved 1048576K
}
Event: 686.529 GC heap after
{Heap after GC invocations=2770 (full 71):
 PSYoungGen      total 3584K, used 308K [0x00000000eab00000, 0x00000000eb000000, 0x0000000100000000)
  eden space 3072K, 0% used [0x00000000eab00000,0x00000000eab00000,0x00000000eae00000)
  from space 512K, 60% used [0x00000000eaf80000,0x00000000eafcd200,0x00000000eb000000)
  to   space 512K, 0% used [0x00000000eaf00000,0x00000000eaf00000,0x00000000eaf80000)
 ParOldGen       total 221184K, used 150744K [0x00000000c0000000, 0x00000000cd800000, 0x00000000eab00000)
  object space 221184K, 68% used [0x00000000c0000000,0x00000000c93362f8,0x00000000cd800000)
 Metaspace       used 85683K, committed 87040K, reserved 1179648K
  class space    used 8476K, committed 9024K, reserved 1048576K
}
Event: 686.535 GC heap before
{Heap before GC invocations=2771 (full 71):
 PSYoungGen      total 3584K, used 3380K [0x00000000eab00000, 0x00000000eb000000, 0x0000000100000000)
  eden space 3072K, 100% used [0x00000000eab00000,0x00000000eae00000,0x00000000eae00000)
  from space 512K, 60% used [0x00000000eaf80000,0x00000000eafcd200,0x00000000eb000000)
  to   space 512K, 0% used [0x00000000eaf00000,0x00000000eaf00000,0x00000000eaf80000)
 ParOldGen       total 221184K, used 150744K [0x00000000c0000000, 0x00000000cd800000, 0x00000000eab00000)
  object space 221184K, 68% used [0x00000000c0000000,0x00000000c93362f8,0x00000000cd800000)
 Metaspace       used 85683K, committed 87040K, reserved 1179648K
  class space    used 8476K, committed 9024K, reserved 1048576K
}
Event: 686.537 GC heap after
{Heap after GC invocations=2771 (full 71):
 PSYoungGen      total 3584K, used 448K [0x00000000eab00000, 0x00000000eb000000, 0x0000000100000000)
  eden space 3072K, 0% used [0x00000000eab00000,0x00000000eab00000,0x00000000eae00000)
  from space 512K, 87% used [0x00000000eaf00000,0x00000000eaf70000,0x00000000eaf80000)
  to   space 512K, 0% used [0x00000000eaf80000,0x00000000eaf80000,0x00000000eb000000)
 ParOldGen       total 221184K, used 150925K [0x00000000c0000000, 0x00000000cd800000, 0x00000000eab00000)
  object space 221184K, 68% used [0x00000000c0000000,0x00000000c9363518,0x00000000cd800000)
 Metaspace       used 85683K, committed 87040K, reserved 1179648K
  class space    used 8476K, committed 9024K, reserved 1048576K
}
Event: 700.520 GC heap before
{Heap before GC invocations=2772 (full 71):
 PSYoungGen      total 3584K, used 3520K [0x00000000eab00000, 0x00000000eb000000, 0x0000000100000000)
  eden space 3072K, 100% used [0x00000000eab00000,0x00000000eae00000,0x00000000eae00000)
  from space 512K, 87% used [0x00000000eaf00000,0x00000000eaf70000,0x00000000eaf80000)
  to   space 512K, 0% used [0x00000000eaf80000,0x00000000eaf80000,0x00000000eb000000)
 ParOldGen       total 221184K, used 150925K [0x00000000c0000000, 0x00000000cd800000, 0x00000000eab00000)
  object space 221184K, 68% used [0x00000000c0000000,0x00000000c9363518,0x00000000cd800000)
 Metaspace       used 85683K, committed 87040K, reserved 1179648K
  class space    used 8476K, committed 9024K, reserved 1048576K
}
Event: 700.521 GC heap after
{Heap after GC invocations=2772 (full 71):
 PSYoungGen      total 3584K, used 500K [0x00000000eab00000, 0x00000000eb000000, 0x0000000100000000)
  eden space 3072K, 0% used [0x00000000eab00000,0x00000000eab00000,0x00000000eae00000)
  from space 512K, 97% used [0x00000000eaf80000,0x00000000eaffd200,0x00000000eb000000)
  to   space 1024K, 0% used [0x00000000eae00000,0x00000000eae00000,0x00000000eaf00000)
 ParOldGen       total 221184K, used 151317K [0x00000000c0000000, 0x00000000cd800000, 0x00000000eab00000)
  object space 221184K, 68% used [0x00000000c0000000,0x00000000c93c5518,0x00000000cd800000)
 Metaspace       used 85683K, committed 87040K, reserved 1179648K
  class space    used 8476K, committed 9024K, reserved 1048576K
}
Event: 700.525 GC heap before
{Heap before GC invocations=2773 (full 71):
 PSYoungGen      total 3584K, used 3572K [0x00000000eab00000, 0x00000000eb000000, 0x0000000100000000)
  eden space 3072K, 100% used [0x00000000eab00000,0x00000000eae00000,0x00000000eae00000)
  from space 512K, 97% used [0x00000000eaf80000,0x00000000eaffd200,0x00000000eb000000)
  to   space 1024K, 0% used [0x00000000eae00000,0x00000000eae00000,0x00000000eaf00000)
 ParOldGen       total 221184K, used 151317K [0x00000000c0000000, 0x00000000cd800000, 0x00000000eab00000)
  object space 221184K, 68% used [0x00000000c0000000,0x00000000c93c5518,0x00000000cd800000)
 Metaspace       used 85683K, committed 87040K, reserved 1179648K
  class space    used 8476K, committed 9024K, reserved 1048576K
}
Event: 700.526 GC heap after
{Heap after GC invocations=2773 (full 71):
 PSYoungGen      total 4096K, used 480K [0x00000000eab00000, 0x00000000eb000000, 0x0000000100000000)
  eden space 3072K, 0% used [0x00000000eab00000,0x00000000eab00000,0x00000000eae00000)
  from space 1024K, 46% used [0x00000000eae00000,0x00000000eae78000,0x00000000eaf00000)
  to   space 1024K, 0% used [0x00000000eaf00000,0x00000000eaf00000,0x00000000eb000000)
 ParOldGen       total 221184K, used 151814K [0x00000000c0000000, 0x00000000cd800000, 0x00000000eab00000)
  object space 221184K, 68% used [0x00000000c0000000,0x00000000c9441968,0x00000000cd800000)
 Metaspace       used 85683K, committed 87040K, reserved 1179648K
  class space    used 8476K, committed 9024K, reserved 1048576K
}

